<?xml version="1.0" encoding="UTF-8"?>
<testng-results ignored="0" total="1" passed="1" failed="0" skipped="0">
  <reporter-output>
  </reporter-output>
  <suite started-at="2021-05-11T16:21:19 IST" name="Suite" finished-at="2021-05-11T16:22:12 IST" duration-ms="52958">
    <groups>
    </groups>
    <test started-at="2021-05-11T16:21:19 IST" name="Test" finished-at="2021-05-11T16:22:12 IST" duration-ms="52958">
      <class name="testrunner.OpenCartRunner">
        <test-method is-config="true" signature="beforeMethod()[pri:0, instance:testrunner.OpenCartRunner@626abbd0]" started-at="2021-05-11T16:21:20 IST" name="beforeMethod" finished-at="2021-05-11T16:21:20 IST" duration-ms="106" status="PASS">
          <reporter-output>
          </reporter-output>
        </test-method> <!-- beforeMethod -->
        <test-method signature="TC8_EditAccount()[pri:5, instance:testrunner.OpenCartRunner@626abbd0]" started-at="2021-05-11T16:21:20 IST" name="TC8_EditAccount" finished-at="2021-05-11T16:22:11 IST" duration-ms="51288" status="PASS">
          <reporter-output>
          </reporter-output>
        </test-method> <!-- TC8_EditAccount -->
        <test-method is-config="true" signature="afterMethod()[pri:0, instance:testrunner.OpenCartRunner@626abbd0]" started-at="2021-05-11T16:22:11 IST" name="afterMethod" finished-at="2021-05-11T16:22:12 IST" duration-ms="1431" status="PASS">
          <reporter-output>
          </reporter-output>
        </test-method> <!-- afterMethod -->
      </class> <!-- testrunner.OpenCartRunner -->
    </test> <!-- Test -->
  </suite> <!-- Suite -->
</testng-results>
